Start testing: Oct 17 12:53 CEST
----------------------------------------------------------
1/1 Testing: MainTests
1/1 Test: MainTests
Command: "/Users/felix/Documents/Master folder/IE university/All Courses/3rd year/1st semester/Programming II/assignments/assignment1/build/tests/tests_main"
Directory: /Users/felix/Documents/Master folder/IE university/All Courses/3rd year/1st semester/Programming II/assignments/assignment1/build/tests
"MainTests" start time: Oct 17 12:53 CEST
Output:
----------------------------------------------------------
Draw Test passed.
Invalid Move Test passed.
Win Test passed.
All tests passed.
<end of output>
Test time =   0.34 sec
----------------------------------------------------------
Test Passed.
"MainTests" end time: Oct 17 12:53 CEST
"MainTests" time elapsed: 00:00:00
----------------------------------------------------------

End testing: Oct 17 12:53 CEST
